[    0.000000] Linux version 4.15.0-176-generic (buildd@lcy02-amd64-020) (gcc version 7.5.0 (Ubuntu 7.5.0-3ubuntu1~18.04)) #185-Ubuntu SMP Tue Mar 29 17:40:04 UTC 2022 (Ubuntu 4.15.0-176.185-generic 4.15.18)
[    0.000000] Command line: BOOT_IMAGE=/boot/vmlinuz-4.15.0-176-generic root=LABEL=cloudimg-rootfs ro console=tty1 console=ttyS0
[    0.000000] KERNEL supported cpus:
[    0.000000]   Intel GenuineIntel
[    0.000000]   AMD AuthenticAMD
[    0.000000]   Centaur CentaurHauls
[    0.000000] x86/fpu: Supporting XSAVE feature 0x001: 'x87 floating point registers'
[    0.000000] x86/fpu: Supporting XSAVE feature 0x002: 'SSE registers'
[    0.000000] x86/fpu: Supporting XSAVE feature 0x004: 'AVX registers'
[    0.000000] x86/fpu: xstate_offset[2]:  576, xstate_sizes[2]:  256
[    0.000000] x86/fpu: Enabled xstate features 0x7, context size is 832 bytes, using 'standard' format.
[    0.000000] e820: BIOS-provided physical RAM map:
[    0.000000] BIOS-e820: [mem 0x0000000000000000-0x000000000009fbff] usable
[    0.000000] BIOS-e820: [mem 0x000000000009fc00-0x000000000009ffff] reserved
[    0.000000] BIOS-e820: [mem 0x00000000000f0000-0x00000000000fffff] reserved
[    0.000000] BIOS-e820: [mem 0x0000000000100000-0x000000003ffeffff] usable
[    0.000000] BIOS-e820: [mem 0x000000003fff0000-0x000000003fffffff] ACPI data
[    0.000000] BIOS-e820: [mem 0x00000000fec00000-0x00000000fec00fff] reserved
[    0.000000] BIOS-e820: [mem 0x00000000fee00000-0x00000000fee00fff] reserved
[    0.000000] BIOS-e820: [mem 0x00000000fffc0000-0x00000000ffffffff] reserved
[    0.000000] NX (Execute Disable) protection: active
[    0.000000] SMBIOS 2.5 present.
[    0.000000] DMI: innotek GmbH VirtualBox/VirtualBox, BIOS VirtualBox 12/01/2006
[    0.000000] Hypervisor detected: KVM
[    0.000000] e820: last_pfn = 0x3fff0 max_arch_pfn = 0x400000000
[    0.000000] MTRR: Disabled
[    0.000000] x86/PAT: MTRRs disabled, skipping PAT initialization too.
[    0.000000] CPU MTRRs all blank - virtualized system.
[    0.000000] x86/PAT: Configuration [0-7]: WB  WT  UC- UC  WB  WT  UC- UC  
[    0.000000] found SMP MP-table at [mem 0x0009fff0-0x0009ffff]
[    0.000000] Scanning 1 areas for low memory corruption
[    0.000000] RAMDISK: [mem 0x359c7000-0x36cdafff]
[    0.000000] ACPI: Early table checksum verification disabled
[    0.000000] ACPI: RSDP 0x00000000000E0000 000024 (v02 VBOX  )
[    0.000000] ACPI: XSDT 0x000000003FFF0030 00003C (v01 VBOX   VBOXXSDT 00000001 ASL  00000061)
[    0.000000] ACPI: FACP 0x000000003FFF00F0 0000F4 (v04 VBOX   VBOXFACP 00000001 ASL  00000061)
[    0.000000] ACPI: DSDT 0x000000003FFF0470 002325 (v02 VBOX   VBOXBIOS 00000002 INTL 20120111)
[    0.000000] ACPI: FACS 0x000000003FFF0200 000040
[    0.000000] ACPI: FACS 0x000000003FFF0200 000040
[    0.000000] ACPI: APIC 0x000000003FFF0240 00005C (v02 VBOX   VBOXAPIC 00000001 ASL  00000061)
[    0.000000] ACPI: SSDT 0x000000003FFF02A0 0001CC (v01 VBOX   VBOXCPUT 00000002 INTL 20120111)
[    0.000000] ACPI: Reserving FACP table memory at [mem 0x3fff00f0-0x3fff01e3]
[    0.000000] ACPI: Reserving DSDT table memory at [mem 0x3fff0470-0x3fff2794]
[    0.000000] ACPI: Reserving FACS table memory at [mem 0x3fff0200-0x3fff023f]
[    0.000000] ACPI: Reserving FACS table memory at [mem 0x3fff0200-0x3fff023f]
[    0.000000] ACPI: Reserving APIC table memory at [mem 0x3fff0240-0x3fff029b]
[    0.000000] ACPI: Reserving SSDT table memory at [mem 0x3fff02a0-0x3fff046b]
[    0.000000] No NUMA configuration found
[    0.000000] Faking a node at [mem 0x0000000000000000-0x000000003ffeffff]
[    0.000000] NODE_DATA(0) allocated [mem 0x3ffc5000-0x3ffeffff]
[    0.000000] kvm-clock: cpu 0, msr 0:3ff44001, primary cpu clock
[    0.000000] kvm-clock: Using msrs 4b564d01 and 4b564d00
[    0.000000] kvm-clock: using sched offset of 4170977366 cycles
[    0.000000] clocksource: kvm-clock: mask: 0xffffffffffffffff max_cycles: 0x1cd42e4dffb, max_idle_ns: 881590591483 ns
[    0.000000] Zone ranges:
[    0.000000]   DMA      [mem 0x0000000000001000-0x0000000000ffffff]
[    0.000000]   DMA32    [mem 0x0000000001000000-0x000000003ffeffff]
[    0.000000]   Normal   empty
[    0.000000]   Device   empty
[    0.000000] Movable zone start for each node
[    0.000000] Early memory node ranges
[    0.000000]   node   0: [mem 0x0000000000001000-0x000000000009efff]
[    0.000000]   node   0: [mem 0x0000000000100000-0x000000003ffeffff]
[    0.000000] Reserved but unavailable: 104 pages
[    0.000000] Initmem setup node 0 [mem 0x0000000000001000-0x000000003ffeffff]
[    0.000000] ACPI: PM-Timer IO Port: 0x4008
[    0.000000] IOAPIC[0]: apic_id 2, version 32, address 0xfec00000, GSI 0-23
[    0.000000] ACPI: INT_SRC_OVR (bus 0 bus_irq 0 global_irq 2 dfl dfl)
[    0.000000] ACPI: INT_SRC_OVR (bus 0 bus_irq 9 global_irq 9 low level)
[    0.000000] Using ACPI (MADT) for SMP configuration information
[    0.000000] smpboot: Allowing 2 CPUs, 0 hotplug CPUs
[    0.000000] PM: Registered nosave memory: [mem 0x00000000-0x00000fff]
[    0.000000] PM: Registered nosave memory: [mem 0x0009f000-0x0009ffff]
[    0.000000] PM: Registered nosave memory: [mem 0x000a0000-0x000effff]
[    0.000000] PM: Registered nosave memory: [mem 0x000f0000-0x000fffff]
[    0.000000] e820: [mem 0x40000000-0xfebfffff] available for PCI devices
[    0.000000] Booting paravirtualized kernel on KVM
[    0.000000] clocksource: refined-jiffies: mask: 0xffffffff max_cycles: 0xffffffff, max_idle_ns: 7645519600211568 ns
[    0.000000] random: get_random_bytes called from start_kernel+0x99/0x500 with crng_init=0
[    0.000000] setup_percpu: NR_CPUS:8192 nr_cpumask_bits:2 nr_cpu_ids:2 nr_node_ids:1
[    0.000000] percpu: Embedded 50 pages/cpu s167936 r8192 d28672 u1048576
[    0.000000] PV qspinlock hash table entries: 256 (order: 0, 4096 bytes)
[    0.000000] Built 1 zonelists, mobility grouping on.  Total pages: 257913
[    0.000000] Policy zone: DMA32
[    0.000000] Kernel command line: BOOT_IMAGE=/boot/vmlinuz-4.15.0-176-generic root=LABEL=cloudimg-rootfs ro console=tty1 console=ttyS0
[    0.000000] Memory: 982640K/1048120K available (12300K kernel code, 2484K rwdata, 4324K rodata, 2468K init, 2724K bss, 65480K reserved, 0K cma-reserved)
[    0.000000] SLUB: HWalign=64, Order=0-3, MinObjects=0, CPUs=2, Nodes=1
[    0.000000] Kernel/User page tables isolation: enabled
[    0.000000] ftrace: allocating 39504 entries in 155 pages
[    0.004000] Hierarchical RCU implementation.
[    0.004000] 	RCU restricting CPUs from NR_CPUS=8192 to nr_cpu_ids=2.
[    0.004000] 	Tasks RCU enabled.
[    0.004000] RCU: Adjusting geometry for rcu_fanout_leaf=16, nr_cpu_ids=2
[    0.004000] NR_IRQS: 524544, nr_irqs: 440, preallocated irqs: 16
[    0.004000] Console: colour VGA+ 80x25
[    0.004000] console [tty1] enabled
[    0.004000] console [ttyS0] enabled
[    0.004000] ACPI: Core revision 20170831
[    0.004000] ACPI: 2 ACPI AML tables successfully acquired and loaded
[    0.004000] APIC: Switch to symmetric I/O mode setup
[    0.004000] x2apic enabled
[    0.004000] Switched APIC routing to physical x2apic.
[    0.004936] ..TIMER: vector=0x30 apic1=0 pin1=2 apic2=-1 pin2=-1
[    0.008002] tsc: Detected 2592.000 MHz processor
[    0.012011] Calibrating delay loop (skipped) preset value.. 5184.00 BogoMIPS (lpj=10368000)
[    0.013814] pid_max: default: 32768 minimum: 301
[    0.014774] Security Framework initialized
[    0.016002] Yama: becoming mindful.
[    0.016950] AppArmor: AppArmor initialized
[    0.018889] Dentry cache hash table entries: 131072 (order: 8, 1048576 bytes)
[    0.020087] Inode-cache hash table entries: 65536 (order: 7, 524288 bytes)
[    0.022296] Mount-cache hash table entries: 2048 (order: 2, 16384 bytes)
[    0.024014] Mountpoint-cache hash table entries: 2048 (order: 2, 16384 bytes)
[    0.026086] Last level iTLB entries: 4KB 64, 2MB 8, 4MB 8
[    0.028007] Last level dTLB entries: 4KB 64, 2MB 0, 4MB 0, 1GB 4
[    0.032008] Spectre V1 : Mitigation: usercopy/swapgs barriers and __user pointer sanitization
[    0.034266] Spectre V2 : Mitigation: Retpolines
[    0.035313] Spectre V2 : Spectre v2 / SpectreRSB mitigation: Filling RSB on context switch
[    0.036007] Speculative Store Bypass: Vulnerable
[    0.040048] SRBDS: Unknown: Dependent on hypervisor status
[    0.041481] MDS: Mitigation: Clear CPU buffers
[    0.042563] Freeing SMP alternatives memory: 36K
[    0.154303] smpboot: CPU0: Intel(R) Core(TM) i7-9750H CPU @ 2.60GHz (family: 0x6, model: 0x9e, stepping: 0xa)
[    0.156078] Performance Events: unsupported p6 CPU model 158 no PMU driver, software events only.
[    0.158524] Hierarchical SRCU implementation.
[    0.160347] NMI watchdog: Perf event create on CPU 0 failed with -2
[    0.162046] NMI watchdog: Perf NMI watchdog permanently disabled
[    0.164005] smp: Bringing up secondary CPUs ...
[    0.165090] x86: Booting SMP configuration:
[    0.165976] .... node  #0, CPUs:      #1
[    0.004000] kvm-clock: cpu 1, msr 0:3ff44041, secondary cpu clock
[    0.168028] smp: Brought up 1 node, 2 CPUs
[    0.172011] smpboot: Max logical packages: 1
[    0.173415] smpboot: Total of 2 processors activated (10368.00 BogoMIPS)
[    0.176207] devtmpfs: initialized
[    0.177207] x86/mm: Memory block size: 128MB
[    0.178819] evm: security.selinux
[    0.179602] evm: security.SMACK64
[    0.180004] evm: security.SMACK64EXEC
[    0.181167] evm: security.SMACK64TRANSMUTE
[    0.182278] evm: security.SMACK64MMAP
[    0.184003] evm: security.apparmor
[    0.184935] evm: security.ima
[    0.186633] evm: security.capability
[    0.188133] clocksource: jiffies: mask: 0xffffffff max_cycles: 0xffffffff, max_idle_ns: 7645041785100000 ns
[    0.190265] futex hash table entries: 512 (order: 3, 32768 bytes)
[    0.192073] pinctrl core: initialized pinctrl subsystem
[    0.194309] RTC time:  2:00:12, date: 05/06/22
[    0.196124] NET: Registered protocol family 16
[    0.197130] audit: initializing netlink subsys (disabled)
[    0.198288] audit: type=2000 audit(1651802418.546:1): state=initialized audit_enabled=0 res=1
[    0.200023] cpuidle: using governor ladder
[    0.201190] cpuidle: using governor menu
[    0.202053] ACPI: bus type PCI registered
[    0.204010] acpiphp: ACPI Hot Plug PCI Controller Driver version: 0.5
[    0.206433] PCI: Using configuration type 1 for base access
[    0.208840] HugeTLB registered 2.00 MiB page size, pre-allocated 0 pages
[    0.210055] ACPI: Added _OSI(Module Device)
[    0.212005] ACPI: Added _OSI(Processor Device)
[    0.212940] ACPI: Added _OSI(3.0 _SCP Extensions)
[    0.214340] ACPI: Added _OSI(Processor Aggregator Device)
[    0.216003] ACPI: Added _OSI(Linux-Dell-Video)
[    0.216921] ACPI: Added _OSI(Linux-Lenovo-NV-HDMI-Audio)
[    0.218118] ACPI: Added _OSI(Linux-HPI-Hybrid-Graphics)
[    0.220765] ACPI: Executed 1 blocks of module-level executable AML code
[    0.229306] ACPI: Interpreter enabled
[    0.230204] ACPI: (supports S0 S5)
[    0.231266] ACPI: Using IOAPIC for interrupt routing
[    0.232199] PCI: Using host bridge windows from ACPI; if necessary, use "pci=nocrs" and report a bug
[    0.234259] ACPI: Enabled 2 GPEs in block 00 to 07
[    0.242141] ACPI: PCI Root Bridge [PCI0] (domain 0000 [bus 00-ff])
[    0.243579] acpi PNP0A03:00: _OSC: OS supports [ASPM ClockPM Segments MSI]
[    0.244408] acpi PNP0A03:00: _OSC: not requesting OS control; OS requires [ExtendedConfig ASPM ClockPM MSI]
[    0.248011] acpi PNP0A03:00: fail to add MMCONFIG information, can't access extended PCI configuration space under this bridge.
[    0.250830] PCI host bridge to bus 0000:00
[    0.252005] pci_bus 0000:00: root bus resource [io  0x0000-0x0cf7 window]
[    0.254489] pci_bus 0000:00: root bus resource [io  0x0d00-0xffff window]
[    0.256009] pci_bus 0000:00: root bus resource [mem 0x000a0000-0x000bffff window]
[    0.260004] pci_bus 0000:00: root bus resource [mem 0x40000000-0xfdffffff window]
[    0.262386] pci_bus 0000:00: root bus resource [bus 00-ff]
[    0.266003] pci 0000:00:01.1: legacy IDE quirk: reg 0x10: [io  0x01f0-0x01f7]
[    0.267404] pci 0000:00:01.1: legacy IDE quirk: reg 0x14: [io  0x03f6]
[    0.268010] pci 0000:00:01.1: legacy IDE quirk: reg 0x18: [io  0x0170-0x0177]
[    0.270554] pci 0000:00:01.1: legacy IDE quirk: reg 0x1c: [io  0x0376]
[    0.292383] pci 0000:00:07.0: quirk: [io  0x4000-0x403f] claimed by PIIX4 ACPI
[    0.294802] pci 0000:00:07.0: quirk: [io  0x4100-0x410f] claimed by PIIX4 SMB
[    0.301677] ACPI: PCI Interrupt Link [LNKA] (IRQs 5 9 10 *11)
[    0.304205] ACPI: PCI Interrupt Link [LNKB] (IRQs 5 9 *10 11)
[    0.306728] ACPI: PCI Interrupt Link [LNKC] (IRQs 5 *9 10 11)
[    0.308147] ACPI: PCI Interrupt Link [LNKD] (IRQs 5 9 10 *11)
[    0.310322] SCSI subsystem initialized
[    0.311301] pci 0000:00:02.0: vgaarb: setting as boot VGA device
[    0.311301] pci 0000:00:02.0: vgaarb: VGA device added: decodes=io+mem,owns=io+mem,locks=none
[    0.312009] pci 0000:00:02.0: vgaarb: bridge control possible
[    0.313187] vgaarb: loaded
[    0.316025] ACPI: bus type USB registered
[    0.316886] usbcore: registered new interface driver usbfs
[    0.318742] usbcore: registered new interface driver hub
[    0.320029] usbcore: registered new device driver usb
[    0.324095] EDAC MC: Ver: 3.0.0
[    0.325496] PCI: Using ACPI for IRQ routing
[    0.328096] NetLabel: Initializing
[    0.329257] NetLabel:  domain hash size = 128
[    0.330345] NetLabel:  protocols = UNLABELED CIPSOv4 CALIPSO
[    0.331904] NetLabel:  unlabeled traffic allowed by default
[    0.332069] clocksource: Switched to clocksource kvm-clock
[    0.345177] VFS: Disk quotas dquot_6.6.0
[    0.346495] VFS: Dquot-cache hash table entries: 512 (order 0, 4096 bytes)
[    0.348348] AppArmor: AppArmor Filesystem Enabled
[    0.349367] pnp: PnP ACPI init
[    0.351880] pnp: PnP ACPI: found 3 devices
[    0.363014] clocksource: acpi_pm: mask: 0xffffff max_cycles: 0xffffff, max_idle_ns: 2085701024 ns
[    0.365000] NET: Registered protocol family 2
[    0.365947] IP idents hash table entries: 16384 (order: 5, 131072 bytes)
[    0.370540] TCP established hash table entries: 8192 (order: 4, 65536 bytes)
[    0.373642] TCP bind hash table entries: 8192 (order: 5, 131072 bytes)
[    0.375704] TCP: Hash tables configured (established 8192 bind 8192)
[    0.377529] UDP hash table entries: 512 (order: 2, 16384 bytes)
[    0.379375] UDP-Lite hash table entries: 512 (order: 2, 16384 bytes)
[    0.381438] NET: Registered protocol family 1
[    0.382442] pci 0000:00:00.0: Limiting direct PCI/PCI transfers
[    0.383963] pci 0000:00:01.0: Activating ISA DMA hang workarounds
[    0.386131] pci 0000:00:02.0: Video device with shadowed ROM at [mem 0x000c0000-0x000dffff]
[    0.388821] Unpacking initramfs...
[    0.691743] Freeing initrd memory: 19536K
[    0.693036] clocksource: tsc: mask: 0xffffffffffffffff max_cycles: 0x255cb6cc5db, max_idle_ns: 440795203504 ns
[    0.695785] platform rtc_cmos: registered platform RTC device (no PNP device found)
[    0.698143] Scanning for low memory corruption every 60 seconds
[    0.700642] Initialise system trusted keyrings
[    0.702473] Key type blacklist registered
[    0.704786] workingset: timestamp_bits=36 max_order=18 bucket_order=0
[    0.706887] zbud: loaded
[    0.707931] squashfs: version 4.0 (2009/01/31) Phillip Lougher
[    0.709384] fuse init (API version 7.26)
[    0.712073] Key type asymmetric registered
[    0.713123] Asymmetric key parser 'x509' registered
[    0.714165] Block layer SCSI generic (bsg) driver version 0.4 loaded (major 246)
[    0.715829] io scheduler noop registered
[    0.716834] io scheduler deadline registered
[    0.718453] io scheduler cfq registered (default)
[    0.721419] ACPI: AC Adapter [AC] (on-line)
[    0.722768] input: Power Button as /devices/LNXSYSTM:00/LNXPWRBN:00/input/input0
[    0.725184] ACPI: Power Button [PWRF]
[    0.726473] input: Sleep Button as /devices/LNXSYSTM:00/LNXSLPBN:00/input/input1
[    0.728526] ACPI: Sleep Button [SLPF]
[    0.730835] ACPI: Battery Slot [BAT0] (battery present)
[    0.732157] Serial: 8250/16550 driver, 32 ports, IRQ sharing enabled
[    0.755431] 00:02: ttyS0 at I/O 0x3f8 (irq = 4, base_baud = 115200) is a 16550A
[    0.758719] Linux agpgart interface v0.103
[    0.760908] loop: module loaded
[    0.762417] scsi host0: ata_piix
[    0.763411] scsi host1: ata_piix
[    0.764149] ata1: PATA max UDMA/33 cmd 0x1f0 ctl 0x3f6 bmdma 0xd000 irq 14
[    0.765582] ata2: PATA max UDMA/33 cmd 0x170 ctl 0x376 bmdma 0xd008 irq 15
[    0.767414] tun: Universal TUN/TAP device driver, 1.6
[    0.769479] PPP generic driver version 2.4.2
[    0.771549] ehci_hcd: USB 2.0 'Enhanced' Host Controller (EHCI) Driver
[    0.773654] ehci-pci: EHCI PCI platform driver
[    0.775098] ehci-platform: EHCI generic platform driver
[    0.776518] ohci_hcd: USB 1.1 'Open' Host Controller (OHCI) Driver
[    0.778580] ohci-pci: OHCI PCI platform driver
[    0.779752] ohci-platform: OHCI generic platform driver
[    0.781519] uhci_hcd: USB Universal Host Controller Interface driver
[    0.782929] i8042: PNP: PS/2 Controller [PNP0303:PS2K,PNP0f03:PS2M] at 0x60,0x64 irq 1,12
[    0.786463] serio: i8042 KBD port at 0x60,0x64 irq 1
[    0.788455] serio: i8042 AUX port at 0x60,0x64 irq 12
[    0.789619] mousedev: PS/2 mouse device common for all mice
[    0.791066] input: AT Translated Set 2 keyboard as /devices/platform/i8042/serio0/input/input2
[    0.793692] rtc_cmos rtc_cmos: rtc core: registered rtc_cmos as rtc0
[    0.795004] rtc_cmos rtc_cmos: alarms up to one day, 114 bytes nvram
[    0.796301] i2c /dev entries driver
[    0.797445] device-mapper: uevent: version 1.0.3
[    0.798416] device-mapper: ioctl: 4.37.0-ioctl (2017-09-20) initialised: dm-devel@redhat.com
[    0.800838] ledtrig-cpu: registered to indicate activity on CPUs
[    0.804243] NET: Registered protocol family 10
[    0.808929] Segment Routing with IPv6
[    0.809902] NET: Registered protocol family 17
[    0.811191] Key type dns_resolver registered
[    0.812243] mce: Using 0 MCE banks
[    0.813055] RAS: Correctable Errors collector initialized.
[    0.814537] sched_clock: Marking stable (812186591, 0)->(1005838896, -193652305)
[    0.816313] registered taskstats version 1
[    0.817602] Loading compiled-in X.509 certificates
[    0.823055] Loaded X.509 cert 'Build time autogenerated kernel key: cf84eab1a20f3cf5ac3912166f3a35d35ba78c0c'
[    0.826276] Loaded X.509 cert 'Canonical Ltd. Live Patch Signing: 14df34d1a87cf37625abec039ef2bf521249b969'
[    0.829611] Loaded X.509 cert 'Canonical Ltd. Kernel Module Signing: 88f752e560a1e0737e31163a466ad7b70a850c19'
[    0.832545] blacklist: Loading compiled-in revocation X.509 certificates
[    0.834418] Loaded X.509 cert 'Canonical Ltd. Secure Boot Signing: 61482aa2830d0ab2ad5af10b7250da9033ddcef0'
[    0.837029] zswap: loaded using pool lzo/zbud
[    0.842126] Key type big_key registered
[    0.843059] Key type trusted registered
[    0.845493] Key type encrypted registered
[    0.846402] AppArmor: AppArmor sha1 policy hashing enabled
[    0.847515] ima: No TPM chip found, activating TPM-bypass! (rc=-19)
[    0.848810] ima: Allocated hash algorithm: sha1
[    0.849834] evm: HMAC attrs: 0x1
[    0.851028]   Magic number: 6:613:4
[    0.852676] rtc_cmos rtc_cmos: setting system clock to 2022-05-06 02:00:13 UTC (1651802413)
[    0.855441] BIOS EDD facility v0.16 2004-Jun-25, 0 devices found
[    0.856772] EDD information not available.
[    0.952214] Freeing unused kernel image memory: 2468K
[    0.964629] Write protecting the kernel read-only data: 20480k
[    0.967445] Freeing unused kernel image memory: 2008K
[    0.970003] Freeing unused kernel image memory: 1820K
[    0.981302] x86/mm: Checked W+X mappings: passed, no W+X pages found.
[    0.982978] x86/mm: Checking user space page tables
[    0.992226] x86/mm: Checked W+X mappings: passed, no W+X pages found.
Loading, please wait...
starting version 237
[    1.064517] e1000: Intel(R) PRO/1000 Network Driver - version 7.3.21-k8-NAPI
[    1.066691] e1000: Copyright (c) 1999-2006 Intel Corporation.
[    1.069103] Fusion MPT base driver 3.04.20
[    1.071666] Copyright (c) 1999-2008 LSI Corporation
[    1.105110] AVX2 version of gcm_enc/dec engaged.
[    1.106531] AES CTR mode by8 optimization enabled
[    1.131585] Fusion MPT SPI Host driver 3.04.20
[    1.305606] input: ImExPS/2 Generic Explorer Mouse as /devices/platform/i8042/serio1/input/input4
[    1.629481] e1000 0000:00:03.0 eth0: (PCI:33MHz:32-bit) 02:1c:11:cc:2f:ec
[    1.631827] e1000 0000:00:03.0 eth0: Intel(R) PRO/1000 Network Connection
[    1.634980] mptbase: ioc0: Initiating bringup
[    1.635394] e1000 0000:00:03.0 enp0s3: renamed from eth0
[    1.736955] ioc0: LSI53C1030 A0: Capabilities={Initiator}
[    5.607598] scsi host2: ioc0: LSI53C1030 A0, FwRev=00000000h, Ports=1, MaxQ=256, IRQ=20
[    8.181124] scsi 2:0:0:0: Direct-Access     VBOX     HARDDISK         1.0  PQ: 0 ANSI: 5
[    8.708284] scsi target2:0:0: Beginning Domain Validation
[    8.711027] scsi target2:0:0: Domain Validation skipping write tests
[    8.712546] scsi target2:0:0: Ending Domain Validation
[    8.713801] scsi target2:0:0: asynchronous
[    8.715164] scsi 2:0:1:0: Direct-Access     VBOX     HARDDISK         1.0  PQ: 0 ANSI: 5
[    9.700344] scsi target2:0:1: Beginning Domain Validation
[    9.703530] random: fast init done
[    9.705956] scsi target2:0:1: Domain Validation skipping write tests
[    9.707492] scsi target2:0:1: Ending Domain Validation
[    9.708918] scsi target2:0:1: asynchronous
[    9.714931] random: systemd-udevd: uninitialized urandom read (16 bytes read)
[    9.716680] random: systemd-udevd: uninitialized urandom read (16 bytes read)
[    9.720743] random: systemd-udevd: uninitialized urandom read (16 bytes read)
[    9.724278] sd 2:0:0:0: Attached scsi generic sg0 type 0
[    9.726395] sd 2:0:0:0: [sda] 83886080 512-byte logical blocks: (42.9 GB/40.0 GiB)
[    9.728461] sd 2:0:0:0: [sda] Write Protect is off
[    9.730076] sd 2:0:0:0: [sda] Incomplete mode parameter data
[    9.731673] sd 2:0:0:0: [sda] Assuming drive cache: write through
[    9.733244] sd 2:0:1:0: Attached scsi generic sg1 type 0
[    9.734751] sd 2:0:1:0: [sdb] 20480 512-byte logical blocks: (10.5 MB/10.0 MiB)
[    9.738407] sd 2:0:1:0: [sdb] Write Protect is off
[    9.741329] sd 2:0:1:0: [sdb] Incomplete mode parameter data
[    9.742689] sd 2:0:1:0: [sdb] Assuming drive cache: write through
[    9.745500]  sda: sda1
[    9.746792] sd 2:0:0:0: [sda] Attached SCSI disk
[    9.746811] sd 2:0:1:0: [sdb] Attached SCSI disk
Begin: Loading essential drivers ... [   11.596096] raid6: sse2x1   gen() 11726 MB/s
[   11.644051] raid6: sse2x1   xor()  8856 MB/s
[   11.692065] raid6: sse2x2   gen() 11873 MB/s
[   11.740272] raid6: sse2x2   xor()  9017 MB/s
[   11.788077] raid6: sse2x4   gen() 17655 MB/s
[   11.836183] raid6: sse2x4   xor() 10855 MB/s
[   11.884093] raid6: avx2x1   gen() 23224 MB/s
[   11.932123] raid6: avx2x1   xor() 13961 MB/s
[   11.980299] raid6: avx2x2   gen() 26356 MB/s
[   12.028107] raid6: avx2x2   xor() 19355 MB/s
[   12.076132] raid6: avx2x4   gen() 35623 MB/s
[   12.124107] raid6: avx2x4   xor() 21612 MB/s
[   12.125351] raid6: using algorithm avx2x4 gen() 35623 MB/s
[   12.126448] raid6: .... xor() 21612 MB/s, rmw enabled
[   12.127548] raid6: using avx2x2 recovery algorithm
[   12.130039] xor: automatically using best checksumming function   avx       
[   12.132229] async_tx: api initialized (async)
done.
Begin: Running /scripts/init-premount ... done.
Begin: Mounting root file system ... Begin: Running /scripts/local-top ... done.
Begin: Running /scripts/local-premount ... [   12.188603] Btrfs loaded, crc32c=crc32c-intel
Scanning for Btrfs filesystems
done.
Warning: fsck not present, so skipping root file system
[   12.219207] EXT4-fs (sda1): INFO: recovery required on readonly filesystem
[   12.221772] EXT4-fs (sda1): write access will be enabled during recovery
[   12.273223] EXT4-fs (sda1): recovery complete
[   12.274935] EXT4-fs (sda1): mounted filesystem with ordered data mode. Opts: (null)
done.
Begin: Running /scripts/local-bottom ... done.
Begin: Running /scripts/init-bottom ... done.
[   12.421675] ip_tables: (C) 2000-2006 Netfilter Core Team
[   12.428636] systemd[1]: systemd 237 running in system mode. (+PAM +AUDIT +SELINUX +IMA +APPARMOR +SMACK +SYSVINIT +UTMP +LIBCRYPTSETUP +GCRYPT +GNUTLS +ACL +XZ +LZ4 +SECCOMP +BLKID +ELFUTILS +KMOD -IDN2 +IDN -PCRE2 default-hierarchy=hybrid)
[   12.432443] systemd[1]: Detected virtualization oracle.
[   12.433496] systemd[1]: Detected architecture x86-64.

Welcome to [1mUbuntu 18.04.6 LTS[0m!

[   12.438917] systemd[1]: Set hostname to <ubuntu-bionic>.
[   12.699381] systemd[1]: Created slice User and Session Slice.
[[0;32m  OK  [0m] Created slice User and Session Slice.
[   12.701238] systemd[1]: Started Forward Password Requests to Wall Directory Watch.
[[0;32m  OK  [0m] Started Forward Password Requests to Wall Directory Watch.
[   12.703613] systemd[1]: Reached target Swap.
[[0;32m  OK  [0m] Reached target Swap.
[   12.705292] systemd[1]: Reached target System Time Synchronized.
[[0;32m  OK  [0m] Reached target System Time Synchronized.
[   12.707352] systemd[1]: Created slice System Slice.
[[0;32m  OK  [0m] Created slice System Slice.
[   12.708939] systemd[1]: Listening on LVM2 poll daemon socket.
[[0;32m  OK  [0m] Listening on LVM2 poll daemon socket.
[[0;32m  OK  [0m] Reached target Slices.
[[0;32m  OK  [0m] Listening on Network Service Netlink Socket.
[[0;32m  OK  [0m] Listening on Journal Socket (/dev/log).
[[0;32m  OK  [0m] Created slice system-serial\x2dgetty.slice.
[[0;32m  OK  [0m] Listening on Journal Audit Socket.
[[0;32m  OK  [0m] Listening on Syslog Socket.
[[0;32m  OK  [0m] Listening on Device-mapper event daemon FIFOs.
[[0;32m  OK  [0m] Listening on udev Kernel Socket.
[[0;32m  OK  [0m] Listening on Journal Socket.
         Starting Create list of required st…ce nodes for the current kernel...
         Mounting Kernel Debug File System...
         Starting Load Kernel Modules...
         Starting Uncomplicated firewall...
[[0;32m  OK  [0m] Listening on /dev/initctl Compatibility Named Pipe.
         Starting Journal Service...
[[0;32m  OK  [0m] Listening on udev Control Socket.
         Starting udev Coldplug all Devices...
         Mounting POSIX Message Queue File System...
[   12.753379] Loading iSCSI transport class v2.0-870.
[   12.760372] iscsi: registered transport (tcp)
[[0;32m  OK  [0m] Listening on LVM2 metadata daemon socket.
         Starting Monitoring of LVM2 mirrors…ng dmeventd or progress polling...
         Starting Set the console keyboard layout...
[[0;32m  OK  [0m] Listening on fsck to fsckd communication Socket.
         Starting File System Check on Root Device...
[   12.780437] iscsi: registered transport (iser)
         Mounting Huge Pages File System...
[[0;32m  OK  [0m] Set up automount Arbitrary Executab…rmats File System Automount Point.
[[0;32m  OK  [0m] Reached target User and Group Name Lookups.
[[0;32m  OK  [0m] Started Journal Service.
[[0;32m  OK  [0m] Started Create list of required sta…vice nodes for the current kernel.
[[0;32m  OK  [0m] Mounted Kernel Debug File System.
[[0;32m  OK  [0m] Started Load Kernel Modules.
[[0;32m  OK  [0m] Started Uncomplicated firewall.
[[0;32m  OK  [0m] Mounted POSIX Message Queue File System.
[[0;32m  OK  [0m] Mounted Huge Pages File System.
[[0;32m  OK  [0m] Started LVM2 metadata daemon.
[[0;32m  OK  [0m] Started File System Check Daemon to report status.
         Mounting Kernel Configuration File System...
         Mounting FUSE Control File System...
         Starting Apply Kernel Variables...
         Starting Create Static Device Nodes in /dev...
[[0;32m  OK  [0m] Mounted Kernel Configuration File System.
[[0;32m  OK  [0m] Mounted FUSE Control File System.
[[0;32m  OK  [0m] Started File System Check on Root Device.
         Starting Remount Root and Kernel File Systems...
[[0;32m  OK  [0m] Started Monitoring of LVM2 mirrors,…sing dmeventd or progress polling.
[[0;32m  OK  [0m] Started udev Coldplug all Devices.
[[0;32m  OK  [0m] Started Remount Root and Kernel File Systems.
[[0;32m  OK  [0m] Started Apply Kernel Variables.
[[0;32m  OK  [0m] Started Create Static Device Nodes in /dev.
         Starting udev Kernel Device Manager...
         Starting Flush Journal to Persistent Storage...
         Starting Load/Save Random Seed...
[[0;32m  OK  [0m] Started Load/Save Random Seed.
[[0;32m  OK  [0m] Started Set the console keyboard layout.
[[0;32m  OK  [0m] Reached target Local File Systems (Pre).
[[0;32m  OK  [0m] Reached target Local File Systems.
         Starting AppArmor initialization...
         Starting Set console font and keymap...
         Starting Tell Plymouth To Write Out Runtime Data...
         Starting ebtables ruleset management...
[[0;32m  OK  [0m] Started udev Kernel Device Manager.
[[0;32m  OK  [0m] Started Dispatch Password Requests to Console Directory Watch.
[[0;32m  OK  [0m] Reached target Local Encrypted Volumes.
[[0;32m  OK  [0m] Started Set console font and keymap.
[[0;32m  OK  [0m] Started Tell Plymouth To Write Out Runtime Data.
[[0;32m  OK  [0m] Started Flush Journal to Persistent Storage.
         Starting Create Volatile Files and Directories...
[[0;32m  OK  [0m] Started ebtables ruleset management.
[[0;32m  OK  [0m] Started Create Volatile Files and Directories.
         Starting Update UTMP about System Boot/Shutdown...
[[0;32m  OK  [0m] Started Update UTMP about System Boot/Shutdown.
[[0;32m  OK  [0m] Found device /dev/ttyS0.
[[0;32m  OK  [0m] Listening on Load/Save RF Kill Switch Status /dev/rfkill Watch.
[[0;32m  OK  [0m] Started AppArmor initialization.
         Starting Load AppArmor profiles managed internally by snapd...
         Starting Initial cloud-init job (pre-networking)...
[[0;32m  OK  [0m] Started Load AppArmor profiles managed internally by snapd.
[   14.486482] cloud-init[552]: Cloud-init v. 22.1-14-g2e17a0d6-0ubuntu1~18.04.3 running 'init-local' at Fri, 06 May 2022 02:00:26 +0000. Up 14.29 seconds.
[[0;32m  OK  [0m] Started Initial cloud-init job (pre-networking).
[[0;32m  OK  [0m] Reached target Network (Pre).
         Starting Network Service...
[[0;32m  OK  [0m] Started Network Service.
         Starting Network Name Resolution...
         Starting Wait for Network to be Configured...
[[0;32m  OK  [0m] Started Network Name Resolution.
[[0;32m  OK  [0m] Reached target Host and Network Name Lookups.
[[0;32m  OK  [0m] Reached target Network.
[[0;32m  OK  [0m] Started Wait for Network to be Configured.
         Starting Initial cloud-init job (metadata service crawler)...
[   16.390465] cloud-init[663]: Cloud-init v. 22.1-14-g2e17a0d6-0ubuntu1~18.04.3 running 'init' at Fri, 06 May 2022 02:00:28 +0000. Up 16.19 seconds.
[   16.400420] cloud-init[663]: ci-info: ++++++++++++++++++++++++++++++++++++++Net device info++++++++++++++++++++++++++++++++++++++
[   16.401930] cloud-init[663]: ci-info: +--------+------+----------------------------+---------------+--------+-------------------+
[   16.403437] cloud-init[663]: ci-info: | Device |  Up  |          Address           |      Mask     | Scope  |     Hw-Address    |
[   16.404724] cloud-init[663]: ci-info: +--------+------+----------------------------+---------------+--------+-------------------+
[   16.420632] cloud-init[663]: ci-info: | enp0s3 | True |         10.0.2.15          | 255.255.255.0 | global | 02:1c:11:cc:2f:ec |
[   16.424367] cloud-init[663]: ci-info: | enp0s3 | True | fe80::1c:11ff:fecc:2fec/64 |       .       |  link  | 02:1c:11:cc:2f:ec |
[   16.428959] cloud-init[663]: ci-info: |   lo   | True |         127.0.0.1          |   255.0.0.0   |  host  |         .         |
[   16.430829] cloud-init[663]: ci-info: |   lo   | True |          ::1/128           |       .       |  host  |         .         |
[   16.432204] cloud-init[663]: ci-info: +--------+------+----------------------------+---------------+--------+-------------------+
[   16.433809] cloud-init[663]: ci-info: ++++++++++++++++++++++++++++Route IPv4 info+++++++++++++++++++++++++++++
[   16.435829] cloud-init[663]: ci-info: +-------+-------------+----------+-----------------+-----------+-------+
[   16.438554] cloud-init[663]: ci-info: | Route | Destination | Gateway  |     Genmask     | Interface | Flags |
[   16.441130] cloud-init[663]: ci-info: +-------+-------------+----------+-----------------+-----------+-------+
[   16.452685] cloud-init[663]: ci-info: |   0   |   0.0.0.0   | 10.0.2.2 |     0.0.0.0     |   enp0s3  |   UG  |
[   16.454549] cloud-init[663]: ci-info: |   1   |   10.0.2.0  | 0.0.0.0  |  255.255.255.0  |   enp0s3  |   U   |
[   16.455872] cloud-init[663]: ci-info: |   2   |   10.0.2.2  | 0.0.0.0  | 255.255.255.255 |   enp0s3  |   UH  |
[   16.457006] cloud-init[663]: ci-info: +-------+-------------+----------+-----------------+-----------+-------+
[   16.458989] cloud-init[663]: ci-info: +++++++++++++++++++Route IPv6 info+++++++++++++++++++
[   16.472151] cloud-init[663]: ci-info: +-------+-------------+---------+-----------+-------+
[   16.473641] cloud-init[663]: ci-info: | Route | Destination | Gateway | Interface | Flags |
[   16.488267] cloud-init[663]: ci-info: +-------+-------------+---------+-----------+-------+
[   16.489619] cloud-init[663]: ci-info: |   1   |  fe80::/64  |    ::   |   enp0s3  |   U   |
[   16.491019] cloud-init[663]: ci-info: |   3   |    local    |    ::   |   enp0s3  |   U   |
[   16.492439] cloud-init[663]: ci-info: |   4   |   ff00::/8  |    ::   |   enp0s3  |   U   |
[   16.493895] cloud-init[663]: ci-info: +-------+-------------+---------+-----------+-------+
[[0;32m  OK  [0m] Started Initial cloud-init job (metadata service crawler).
[[0;32m  OK  [0m] Reached target Cloud-config availability.
[[0;32m  OK  [0m] Reached target Network is Online.
         Starting Availability of block devices...
[[0;32m  OK  [0m] Reached target Remote File Systems (Pre).
         Mounting /vagrant...
[[0;32m  OK  [0m] Reached target System Initialization.
[[0;32m  OK  [0m] Listening on cloud-init hotplug hook socket.
         Starting Socket activation for snappy daemon.
[[0;32m  OK  [0m] Started ACPI Events Check.
[[0;32m  OK  [0m] Started Daily Cleanup of Temporary Directories.
[[0;32m  OK  [0m] Started Ubuntu Advantage Timer for running repeated jobs.
[[0;32m  OK  [0m] Started Discard unused blocks once a week.
[[0;32m  OK  [0m] Listening on UUID daemon activation socket.
[[0;32m  OK  [0m] Started Daily apt upgrade and clean activities.
[[0;32m  OK  [0m] Listening on D-Bus System Message Bus Socket.
[[0;32m  OK  [0m] Started Trigger to poll for Ubuntu …(Only enabled on GCP LTS non-pro).
[[0;32m  OK  [0m] Reached target Paths.
         Starting LXD - unix socket.
[[0;32m  OK  [0m] Started Message of the Day.
[[0;32m  OK  [0m] Reached target Timers.
[[0;32m  OK  [0m] Listening on Open-iSCSI iscsid Socket.
[[0;32m  OK  [0m] Listening on ACPID Listen Socket.
[[0;32m  OK  [0m] Started Availability of block devices.
[[0;32m  OK  [0m] Mounted /vagrant.
[[0;32m  OK  [0m] Listening on Socket activation for snappy daemon.
[[0;32m  OK  [0m] Listening on LXD - unix socket.
[[0;32m  OK  [0m] Reached target Sockets.
[[0;32m  OK  [0m] Reached target Basic System.
         Starting Dispatcher daemon for systemd-networkd...
         Starting Accounts Service...
         Starting LXD - container startup/shutdown...
         Starting Virtualbox guest utils...
[[0;32m  OK  [0m] Started Deferred execution scheduler.
[[0;32m  OK  [0m] Started Regular background program processing daemon.
[[0;32m  OK  [0m] Started irqbalance daemon.
[[0;32m  OK  [0m] Started FUSE filesystem for LXC.
[[0;32m  OK  [0m] Started D-Bus System Message Bus.
         Starting LSB: Record successful boot for GRUB...
         Starting Login Service...
         Starting System Logging Service...
         Starting OpenBSD Secure Shell server...
         Starting Snap Daemon...
[[0;32m  OK  [0m] Reached target Remote File Systems.
         Starting LSB: automatic crash report generation...
         Starting Permit User Sessions...
[[0;32m  OK  [0m] Started System Logging Service.
[[0;32m  OK  [0m] Started Dispatcher daemon for systemd-networkd.
[[0;32m  OK  [0m] Started OpenBSD Secure Shell server.
[[0;32m  OK  [0m] Started Permit User Sessions.
[[0;32m  OK  [0m] Started Login Service.
[[0;32m  OK  [0m] Started Unattended Upgrades Shutdown.
         Starting Hold until boot process finishes up...
         Starting Terminate Plymouth Boot Screen...
         Starting Authorization Manager...
[[0;32m  OK  [0m] Started Hold until boot process finishes up.
[[0;32m  OK  [0m] Started Serial Getty on ttyS0.
         Starting Set console scheme...
[[0;32m  OK  [0m] Started Terminate Plymouth Boot Screen.
[[0;32m  OK  [0m] Started LXD - container startup/shutdown.
[[0;32m  OK  [0m] Started Set console scheme.
[[0;32m  OK  [0m] Created slice system-getty.slice.
[[0;32m  OK  [0m] Started Getty on tty1.
[[0;32m  OK  [0m] Reached target Login Prompts.
[[0;32m  OK  [0m] Started Authorization Manager.
[[0;32m  OK  [0m] Started LSB: automatic crash report generation.
[[0;32m  OK  [0m] Started Virtualbox guest utils.
[[0;32m  OK  [0m] Started LSB: Record successful boot for GRUB.
[[0;32m  OK  [0m] Started Accounts Service.
[[0;32m  OK  [0m] Started Snap Daemon.
         Starting Wait until snapd is fully seeded...
         Starting Time & Date Service...
[[0;32m  OK  [0m] Started Time & Date Service.
[[0;32m  OK  [0m] Started Wait until snapd is fully seeded.
         Starting Apply the settings specified in cloud-config...
[[0;32m  OK  [0m] Reached target Multi-User System.
[[0;32m  OK  [0m] Reached target Graphical Interface.
         Starting Update UTMP about System Runlevel Changes...
[[0;32m  OK  [0m] Started Update UTMP about System Runlevel Changes.
[   18.361958] cloud-init[1128]: Cloud-init v. 22.1-14-g2e17a0d6-0ubuntu1~18.04.3 running 'modules:config' at Fri, 06 May 2022 02:00:30 +0000. Up 18.24 seconds.
[[0;32m  OK  [0m] Created slice User Slice of vagrant.
[[0;32m  OK  [0m] Started Apply the settings specified in cloud-config.
[[0;32m  OK  [0m] Started Session 1 of user vagrant.
         Starting Execute cloud user/final scripts...
         Starting User Manager for UID 1000...
[[0;32m  OK  [0m] Started User Manager for UID 1000.
[   19.026510] cloud-init[1179]: Cloud-init v. 22.1-14-g2e17a0d6-0ubuntu1~18.04.3 running 'modules:final' at Fri, 06 May 2022 02:00:31 +0000. Up 18.89 seconds.
[   19.028347] cloud-init[1179]: Cloud-init v. 22.1-14-g2e17a0d6-0ubuntu1~18.04.3 finished at Fri, 06 May 2022 02:00:31 +0000. Datasource DataSourceNoCloud [seed=/dev/sdb][dsmode=net].  Up 19.02 seconds
[[0;32m  OK  [0m] Started Execute cloud user/final scripts.
[[0;32m  OK  [0m] Reached target Cloud-init target.

Ubuntu 18.04.6 LTS ubuntu-bionic ttyS0

ubuntu-bionic login: 